# JRE version: OpenJDK Runtime Environment (Zulu 8.52.0.23-CA-win64) (8.0_282-b08) (build 1.8.0_282-b08)
# Java VM: OpenJDK 64-Bit Server VM (25.282-b08 mixed mode windows-amd64 compressed oops)
Heap:
 PSYoungGen      total 101376K, used 22982K [0x00000000d5580000, 0x00000000dc500000, 0x0000000100000000)
  eden space 89088K, 17% used [0x00000000d5580000,0x00000000d6515a50,0x00000000dac80000)
  from space 12288K, 57% used [0x00000000dac80000,0x00000000db35c010,0x00000000db880000)
  to   space 11776K, 0% used [0x00000000db880000,0x00000000db880000,0x00000000dc400000)
 ParOldGen       total 113152K, used 10056K [0x0000000080000000, 0x0000000086e80000, 0x00000000d5580000)
  object space 113152K, 8% used [0x0000000080000000,0x00000000809d2150,0x0000000086e80000)
 Metaspace       used 23937K, capacity 24304K, committed 24704K, reserved 1071104K
  class space    used 2721K, capacity 2859K, committed 2944K, reserved 1048576K
GC Heap History (10 events):
Event: 2.112 GC heap before
{Heap before GC invocations=4 (full 0):
 PSYoungGen      total 75264K, used 69948K [0x00000000d5580000, 0x00000000da980000, 0x0000000100000000)
  eden space 64512K, 95% used [0x00000000d5580000,0x00000000d9178c88,0x00000000d9480000)
  from space 10752K, 79% used [0x00000000d9480000,0x00000000d9cd6458,0x00000000d9f00000)
  to   space 10752K, 0% used [0x00000000d9f00000,0x00000000d9f00000,0x00000000da980000)
 ParOldGen       total 172032K, used 32K [0x0000000080000000, 0x000000008a800000, 0x00000000d5580000)
  object space 172032K, 0% used [0x0000000080000000,0x0000000080008000,0x000000008a800000)
 Metaspace       used 20777K, capacity 21014K, committed 21296K, reserved 1069056K
  class space    used 2310K, capacity 2425K, committed 2432K, reserved 1048576K
Event: 2.117 GC heap after
Heap after GC invocations=4 (full 0):
 PSYoungGen      total 75264K, used 10272K [0x00000000d5580000, 0x00000000da980000, 0x0000000100000000)
  eden space 64512K, 0% used [0x00000000d5580000,0x00000000d5580000,0x00000000d9480000)
  from space 10752K, 95% used [0x00000000d9f00000,0x00000000da908138,0x00000000da980000)
  to   space 10752K, 0% used [0x00000000d9480000,0x00000000d9480000,0x00000000d9f00000)
 ParOldGen       total 172032K, used 104K [0x0000000080000000, 0x000000008a800000, 0x00000000d5580000)
  object space 172032K, 0% used [0x0000000080000000,0x000000008001a010,0x000000008a800000)
 Metaspace       used 20777K, capacity 21014K, committed 21296K, reserved 1069056K
  class space    used 2310K, capacity 2425K, committed 2432K, reserved 1048576K
}
Event: 2.117 GC heap before
{Heap before GC invocations=5 (full 1):
 PSYoungGen      total 75264K, used 10272K [0x00000000d5580000, 0x00000000da980000, 0x0000000100000000)
  eden space 64512K, 0% used [0x00000000d5580000,0x00000000d5580000,0x00000000d9480000)
  from space 10752K, 95% used [0x00000000d9f00000,0x00000000da908138,0x00000000da980000)
  to   space 10752K, 0% used [0x00000000d9480000,0x00000000d9480000,0x00000000d9f00000)
 ParOldGen       total 172032K, used 104K [0x0000000080000000, 0x000000008a800000, 0x00000000d5580000)
  object space 172032K, 0% used [0x0000000080000000,0x000000008001a010,0x000000008a800000)
 Metaspace       used 20777K, capacity 21014K, committed 21296K, reserved 1069056K
  class space    used 2310K, capacity 2425K, committed 2432K, reserved 1048576K
Event: 2.142 GC heap after
Heap after GC invocations=5 (full 1):
 PSYoungGen      total 75264K, used 0K [0x00000000d5580000, 0x00000000da980000, 0x0000000100000000)
  eden space 64512K, 0% used [0x00000000d5580000,0x00000000d5580000,0x00000000d9480000)
  from space 10752K, 0% used [0x00000000d9f00000,0x00000000d9f00000,0x00000000da980000)
  to   space 10752K, 0% used [0x00000000d9480000,0x00000000d9480000,0x00000000d9f00000)
 ParOldGen       total 113152K, used 10040K [0x0000000080000000, 0x0000000086e80000, 0x00000000d5580000)
  object space 113152K, 8% used [0x0000000080000000,0x00000000809ce150,0x0000000086e80000)
 Metaspace       used 20777K, capacity 21014K, committed 21296K, reserved 1069056K
  class space    used 2310K, capacity 2425K, committed 2432K, reserved 1048576K
}
Event: 2.417 GC heap before
{Heap before GC invocations=6 (full 1):
 PSYoungGen      total 75264K, used 64512K [0x00000000d5580000, 0x00000000da980000, 0x0000000100000000)
  eden space 64512K, 100% used [0x00000000d5580000,0x00000000d9480000,0x00000000d9480000)
  from space 10752K, 0% used [0x00000000d9f00000,0x00000000d9f00000,0x00000000da980000)
  to   space 10752K, 0% used [0x00000000d9480000,0x00000000d9480000,0x00000000d9f00000)
 ParOldGen       total 113152K, used 10040K [0x0000000080000000, 0x0000000086e80000, 0x00000000d5580000)
  object space 113152K, 8% used [0x0000000080000000,0x00000000809ce150,0x0000000086e80000)
 Metaspace       used 21834K, capacity 22206K, committed 22448K, reserved 1069056K
  class space    used 2414K, capacity 2542K, committed 2560K, reserved 1048576K
Event: 2.419 GC heap after
Heap after GC invocations=6 (full 1):
 PSYoungGen      total 75264K, used 2373K [0x00000000d5580000, 0x00000000dc400000, 0x0000000100000000)
  eden space 64512K, 0% used [0x00000000d5580000,0x00000000d5580000,0x00000000d9480000)
  from space 10752K, 22% used [0x00000000d9480000,0x00000000d96d1570,0x00000000d9f00000)
  to   space 11776K, 0% used [0x00000000db880000,0x00000000db880000,0x00000000dc400000)
 ParOldGen       total 113152K, used 10048K [0x0000000080000000, 0x0000000086e80000, 0x00000000d5580000)
  object space 113152K, 8% used [0x0000000080000000,0x00000000809d0150,0x0000000086e80000)
 Metaspace       used 21834K, capacity 22206K, committed 22448K, reserved 1069056K
  class space    used 2414K, capacity 2542K, committed 2560K, reserved 1048576K
}
Event: 2.606 GC heap before
{Heap before GC invocations=7 (full 1):
 PSYoungGen      total 75264K, used 66885K [0x00000000d5580000, 0x00000000dc400000, 0x0000000100000000)
  eden space 64512K, 100% used [0x00000000d5580000,0x00000000d9480000,0x00000000d9480000)
  from space 10752K, 22% used [0x00000000d9480000,0x00000000d96d1570,0x00000000d9f00000)
  to   space 11776K, 0% used [0x00000000db880000,0x00000000db880000,0x00000000dc400000)
 ParOldGen       total 113152K, used 10048K [0x0000000080000000, 0x0000000086e80000, 0x00000000d5580000)
  object space 113152K, 8% used [0x0000000080000000,0x00000000809d0150,0x0000000086e80000)
 Metaspace       used 22075K, capacity 22398K, committed 22704K, reserved 1069056K
  class space    used 2420K, capacity 2542K, committed 2560K, reserved 1048576K
Event: 2.607 GC heap after
Heap after GC invocations=7 (full 1):
 PSYoungGen      total 100864K, used 2369K [0x00000000d5580000, 0x00000000dc500000, 0x0000000100000000)
  eden space 89088K, 0% used [0x00000000d5580000,0x00000000d5580000,0x00000000dac80000)
  from space 11776K, 20% used [0x00000000db880000,0x00000000dbad05d0,0x00000000dc400000)
  to   space 12288K, 0% used [0x00000000dac80000,0x00000000dac80000,0x00000000db880000)
 ParOldGen       total 113152K, used 10048K [0x0000000080000000, 0x0000000086e80000, 0x00000000d5580000)
  object space 113152K, 8% used [0x0000000080000000,0x00000000809d0150,0x0000000086e80000)
 Metaspace       used 22075K, capacity 22398K, committed 22704K, reserved 1069056K
  class space    used 2420K, capacity 2542K, committed 2560K, reserved 1048576K
}
Event: 2.996 GC heap before
{Heap before GC invocations=8 (full 1):
 PSYoungGen      total 100864K, used 91457K [0x00000000d5580000, 0x00000000dc500000, 0x0000000100000000)
  eden space 89088K, 100% used [0x00000000d5580000,0x00000000dac80000,0x00000000dac80000)
  from space 11776K, 20% used [0x00000000db880000,0x00000000dbad05d0,0x00000000dc400000)
  to   space 12288K, 0% used [0x00000000dac80000,0x00000000dac80000,0x00000000db880000)
 ParOldGen       total 113152K, used 10048K [0x0000000080000000, 0x0000000086e80000, 0x00000000d5580000)
  object space 113152K, 8% used [0x0000000080000000,0x00000000809d0150,0x0000000086e80000)
 Metaspace       used 23182K, capacity 23530K, committed 23808K, reserved 1071104K
  class space    used 2594K, capacity 2730K, committed 2816K, reserved 1048576K
Event: 3.002 GC heap after
Heap after GC invocations=8 (full 1):
 PSYoungGen      total 101376K, used 7024K [0x00000000d5580000, 0x00000000dc500000, 0x0000000100000000)
  eden space 89088K, 0% used [0x00000000d5580000,0x00000000d5580000,0x00000000dac80000)
  from space 12288K, 57% used [0x00000000dac80000,0x00000000db35c010,0x00000000db880000)
  to   space 11776K, 0% used [0x00000000db880000,0x00000000db880000,0x00000000dc400000)
 ParOldGen       total 113152K, used 10056K [0x0000000080000000, 0x0000000086e80000, 0x00000000d5580000)
  object space 113152K, 8% used [0x0000000080000000,0x00000000809d2150,0x0000000086e80000)
 Metaspace       used 23182K, capacity 23530K, committed 23808K, reserved 1071104K
  class space    used 2594K, capacity 2730K, committed 2816K, reserved 1048576K
}

