# JRE version: OpenJDK Runtime Environment (Zulu 8.52.0.23-CA-win64) (8.0_282-b08) (build 1.8.0_282-b08)
# Java VM: OpenJDK 64-Bit Server VM (25.282-b08 mixed mode windows-amd64 compressed oops)
Heap:
 PSYoungGen      total 99328K, used 16482K [0x00000000d5580000, 0x00000000de500000, 0x0000000100000000)
  eden space 87040K, 9% used [0x00000000d5580000,0x00000000d5df0af0,0x00000000daa80000)
  from space 12288K, 63% used [0x00000000daa80000,0x00000000db228000,0x00000000db680000)
  to   space 12288K, 0% used [0x00000000dd900000,0x00000000dd900000,0x00000000de500000)
 ParOldGen       total 115200K, used 10240K [0x0000000080000000, 0x0000000087080000, 0x00000000d5580000)
  object space 115200K, 8% used [0x0000000080000000,0x0000000080a00290,0x0000000087080000)
 Metaspace       used 24304K, capacity 24630K, committed 24960K, reserved 1071104K
  class space    used 2755K, capacity 2880K, committed 2944K, reserved 1048576K
GC Heap History (10 events):
Event: 1.988 GC heap before
{Heap before GC invocations=4 (full 0):
 PSYoungGen      total 75264K, used 71139K [0x00000000d5580000, 0x00000000da980000, 0x0000000100000000)
  eden space 64512K, 97% used [0x00000000d5580000,0x00000000d92a59c8,0x00000000d9480000)
  from space 10752K, 79% used [0x00000000d9480000,0x00000000d9cd3468,0x00000000d9f00000)
  to   space 10752K, 0% used [0x00000000d9f00000,0x00000000d9f00000,0x00000000da980000)
 ParOldGen       total 172032K, used 24K [0x0000000080000000, 0x000000008a800000, 0x00000000d5580000)
  object space 172032K, 0% used [0x0000000080000000,0x0000000080006000,0x000000008a800000)
 Metaspace       used 20851K, capacity 21074K, committed 21296K, reserved 1069056K
  class space    used 2315K, capacity 2423K, committed 2432K, reserved 1048576K
Event: 1.993 GC heap after
Heap after GC invocations=4 (full 0):
 PSYoungGen      total 75264K, used 10404K [0x00000000d5580000, 0x00000000da980000, 0x0000000100000000)
  eden space 64512K, 0% used [0x00000000d5580000,0x00000000d5580000,0x00000000d9480000)
  from space 10752K, 96% used [0x00000000d9f00000,0x00000000da929310,0x00000000da980000)
  to   space 10752K, 0% used [0x00000000d9480000,0x00000000d9480000,0x00000000d9f00000)
 ParOldGen       total 172032K, used 96K [0x0000000080000000, 0x000000008a800000, 0x00000000d5580000)
  object space 172032K, 0% used [0x0000000080000000,0x0000000080018010,0x000000008a800000)
 Metaspace       used 20851K, capacity 21074K, committed 21296K, reserved 1069056K
  class space    used 2315K, capacity 2423K, committed 2432K, reserved 1048576K
}
Event: 1.993 GC heap before
{Heap before GC invocations=5 (full 1):
 PSYoungGen      total 75264K, used 10404K [0x00000000d5580000, 0x00000000da980000, 0x0000000100000000)
  eden space 64512K, 0% used [0x00000000d5580000,0x00000000d5580000,0x00000000d9480000)
  from space 10752K, 96% used [0x00000000d9f00000,0x00000000da929310,0x00000000da980000)
  to   space 10752K, 0% used [0x00000000d9480000,0x00000000d9480000,0x00000000d9f00000)
 ParOldGen       total 172032K, used 96K [0x0000000080000000, 0x000000008a800000, 0x00000000d5580000)
  object space 172032K, 0% used [0x0000000080000000,0x0000000080018010,0x000000008a800000)
 Metaspace       used 20851K, capacity 21074K, committed 21296K, reserved 1069056K
  class space    used 2315K, capacity 2423K, committed 2432K, reserved 1048576K
Event: 2.021 GC heap after
Heap after GC invocations=5 (full 1):
 PSYoungGen      total 75264K, used 0K [0x00000000d5580000, 0x00000000da980000, 0x0000000100000000)
  eden space 64512K, 0% used [0x00000000d5580000,0x00000000d5580000,0x00000000d9480000)
  from space 10752K, 0% used [0x00000000d9f00000,0x00000000d9f00000,0x00000000da980000)
  to   space 10752K, 0% used [0x00000000d9480000,0x00000000d9480000,0x00000000d9f00000)
 ParOldGen       total 115200K, used 10224K [0x0000000080000000, 0x0000000087080000, 0x00000000d5580000)
  object space 115200K, 8% used [0x0000000080000000,0x00000000809fc290,0x0000000087080000)
 Metaspace       used 20851K, capacity 21074K, committed 21296K, reserved 1069056K
  class space    used 2315K, capacity 2423K, committed 2432K, reserved 1048576K
}
Event: 2.317 GC heap before
{Heap before GC invocations=6 (full 1):
 PSYoungGen      total 75264K, used 64512K [0x00000000d5580000, 0x00000000da980000, 0x0000000100000000)
  eden space 64512K, 100% used [0x00000000d5580000,0x00000000d9480000,0x00000000d9480000)
  from space 10752K, 0% used [0x00000000d9f00000,0x00000000d9f00000,0x00000000da980000)
  to   space 10752K, 0% used [0x00000000d9480000,0x00000000d9480000,0x00000000d9f00000)
 ParOldGen       total 115200K, used 10224K [0x0000000080000000, 0x0000000087080000, 0x00000000d5580000)
  object space 115200K, 8% used [0x0000000080000000,0x00000000809fc290,0x0000000087080000)
 Metaspace       used 21964K, capacity 22270K, committed 22448K, reserved 1069056K
  class space    used 2428K, capacity 2542K, committed 2560K, reserved 1048576K
Event: 2.318 GC heap after
Heap after GC invocations=6 (full 1):
 PSYoungGen      total 75264K, used 2452K [0x00000000d5580000, 0x00000000dc280000, 0x0000000100000000)
  eden space 64512K, 0% used [0x00000000d5580000,0x00000000d5580000,0x00000000d9480000)
  from space 10752K, 22% used [0x00000000d9480000,0x00000000d96e5120,0x00000000d9f00000)
  to   space 12288K, 0% used [0x00000000db680000,0x00000000db680000,0x00000000dc280000)
 ParOldGen       total 115200K, used 10232K [0x0000000080000000, 0x0000000087080000, 0x00000000d5580000)
  object space 115200K, 8% used [0x0000000080000000,0x00000000809fe290,0x0000000087080000)
 Metaspace       used 21964K, capacity 22270K, committed 22448K, reserved 1069056K
  class space    used 2428K, capacity 2542K, committed 2560K, reserved 1048576K
}
Event: 2.498 GC heap before
{Heap before GC invocations=7 (full 1):
 PSYoungGen      total 75264K, used 66964K [0x00000000d5580000, 0x00000000dc280000, 0x0000000100000000)
  eden space 64512K, 100% used [0x00000000d5580000,0x00000000d9480000,0x00000000d9480000)
  from space 10752K, 22% used [0x00000000d9480000,0x00000000d96e5120,0x00000000d9f00000)
  to   space 12288K, 0% used [0x00000000db680000,0x00000000db680000,0x00000000dc280000)
 ParOldGen       total 115200K, used 10232K [0x0000000080000000, 0x0000000087080000, 0x00000000d5580000)
  object space 115200K, 8% used [0x0000000080000000,0x00000000809fe290,0x0000000087080000)
 Metaspace       used 22213K, capacity 22526K, committed 22704K, reserved 1069056K
  class space    used 2434K, capacity 2542K, committed 2560K, reserved 1048576K
Event: 2.499 GC heap after
Heap after GC invocations=7 (full 1):
 PSYoungGen      total 99328K, used 2417K [0x00000000d5580000, 0x00000000dc300000, 0x0000000100000000)
  eden space 87040K, 0% used [0x00000000d5580000,0x00000000d5580000,0x00000000daa80000)
  from space 12288K, 19% used [0x00000000db680000,0x00000000db8dc5e0,0x00000000dc280000)
  to   space 12288K, 0% used [0x00000000daa80000,0x00000000daa80000,0x00000000db680000)
 ParOldGen       total 115200K, used 10232K [0x0000000080000000, 0x0000000087080000, 0x00000000d5580000)
  object space 115200K, 8% used [0x0000000080000000,0x00000000809fe290,0x0000000087080000)
 Metaspace       used 22213K, capacity 22526K, committed 22704K, reserved 1069056K
  class space    used 2434K, capacity 2542K, committed 2560K, reserved 1048576K
}
Event: 2.871 GC heap before
{Heap before GC invocations=8 (full 1):
 PSYoungGen      total 99328K, used 89457K [0x00000000d5580000, 0x00000000dc300000, 0x0000000100000000)
  eden space 87040K, 100% used [0x00000000d5580000,0x00000000daa80000,0x00000000daa80000)
  from space 12288K, 19% used [0x00000000db680000,0x00000000db8dc5e0,0x00000000dc280000)
  to   space 12288K, 0% used [0x00000000daa80000,0x00000000daa80000,0x00000000db680000)
 ParOldGen       total 115200K, used 10232K [0x0000000080000000, 0x0000000087080000, 0x00000000d5580000)
  object space 115200K, 8% used [0x0000000080000000,0x00000000809fe290,0x0000000087080000)
 Metaspace       used 24027K, capacity 24334K, committed 24704K, reserved 1071104K
  class space    used 2734K, capacity 2844K, committed 2944K, reserved 1048576K
Event: 2.876 GC heap after
Heap after GC invocations=8 (full 1):
 PSYoungGen      total 99328K, used 7840K [0x00000000d5580000, 0x00000000de500000, 0x0000000100000000)
  eden space 87040K, 0% used [0x00000000d5580000,0x00000000d5580000,0x00000000daa80000)
  from space 12288K, 63% used [0x00000000daa80000,0x00000000db228000,0x00000000db680000)
  to   space 12288K, 0% used [0x00000000dd900000,0x00000000dd900000,0x00000000de500000)
 ParOldGen       total 115200K, used 10240K [0x0000000080000000, 0x0000000087080000, 0x00000000d5580000)
  object space 115200K, 8% used [0x0000000080000000,0x0000000080a00290,0x0000000087080000)
 Metaspace       used 24027K, capacity 24334K, committed 24704K, reserved 1071104K
  class space    used 2734K, capacity 2844K, committed 2944K, reserved 1048576K
}

