# JRE version: OpenJDK Runtime Environment (Zulu 8.52.0.23-CA-win64) (8.0_282-b08) (build 1.8.0_282-b08)
# Java VM: OpenJDK 64-Bit Server VM (25.282-b08 mixed mode windows-amd64 compressed oops)
Heap:
 PSYoungGen      total 98816K, used 37759K [0x00000000d5580000, 0x00000000ddf00000, 0x0000000100000000)
  eden space 86528K, 35% used [0x00000000d5580000,0x00000000d73abbf0,0x00000000daa00000)
  from space 12288K, 55% used [0x00000000daa00000,0x00000000db0b4010,0x00000000db600000)
  to   space 11776K, 0% used [0x00000000dd380000,0x00000000dd380000,0x00000000ddf00000)
 ParOldGen       total 115200K, used 10008K [0x0000000080000000, 0x0000000087080000, 0x00000000d5580000)
  object space 115200K, 8% used [0x0000000080000000,0x00000000809c62a8,0x0000000087080000)
 Metaspace       used 24032K, capacity 24376K, committed 24704K, reserved 1071104K
  class space    used 2727K, capacity 2863K, committed 2944K, reserved 1048576K
GC Heap History (10 events):
Event: 1.936 GC heap before
{Heap before GC invocations=4 (full 0):
 PSYoungGen      total 75264K, used 69454K [0x00000000d5580000, 0x00000000da980000, 0x0000000100000000)
  eden space 64512K, 94% used [0x00000000d5580000,0x00000000d9104cf0,0x00000000d9480000)
  from space 10752K, 79% used [0x00000000d9480000,0x00000000d9ccee38,0x00000000d9f00000)
  to   space 10752K, 0% used [0x00000000d9f00000,0x00000000d9f00000,0x00000000da980000)
 ParOldGen       total 172032K, used 32K [0x0000000080000000, 0x000000008a800000, 0x00000000d5580000)
  object space 172032K, 0% used [0x0000000080000000,0x0000000080008000,0x000000008a800000)
 Metaspace       used 20777K, capacity 21014K, committed 21296K, reserved 1069056K
  class space    used 2310K, capacity 2425K, committed 2432K, reserved 1048576K
Event: 1.942 GC heap after
Heap after GC invocations=4 (full 0):
 PSYoungGen      total 75264K, used 10165K [0x00000000d5580000, 0x00000000da980000, 0x0000000100000000)
  eden space 64512K, 0% used [0x00000000d5580000,0x00000000d5580000,0x00000000d9480000)
  from space 10752K, 94% used [0x00000000d9f00000,0x00000000da8ed6c0,0x00000000da980000)
  to   space 10752K, 0% used [0x00000000d9480000,0x00000000d9480000,0x00000000d9f00000)
 ParOldGen       total 172032K, used 104K [0x0000000080000000, 0x000000008a800000, 0x00000000d5580000)
  object space 172032K, 0% used [0x0000000080000000,0x000000008001a010,0x000000008a800000)
 Metaspace       used 20777K, capacity 21014K, committed 21296K, reserved 1069056K
  class space    used 2310K, capacity 2425K, committed 2432K, reserved 1048576K
}
Event: 1.942 GC heap before
{Heap before GC invocations=5 (full 1):
 PSYoungGen      total 75264K, used 10165K [0x00000000d5580000, 0x00000000da980000, 0x0000000100000000)
  eden space 64512K, 0% used [0x00000000d5580000,0x00000000d5580000,0x00000000d9480000)
  from space 10752K, 94% used [0x00000000d9f00000,0x00000000da8ed6c0,0x00000000da980000)
  to   space 10752K, 0% used [0x00000000d9480000,0x00000000d9480000,0x00000000d9f00000)
 ParOldGen       total 172032K, used 104K [0x0000000080000000, 0x000000008a800000, 0x00000000d5580000)
  object space 172032K, 0% used [0x0000000080000000,0x000000008001a010,0x000000008a800000)
 Metaspace       used 20777K, capacity 21014K, committed 21296K, reserved 1069056K
  class space    used 2310K, capacity 2425K, committed 2432K, reserved 1048576K
Event: 1.972 GC heap after
Heap after GC invocations=5 (full 1):
 PSYoungGen      total 75264K, used 0K [0x00000000d5580000, 0x00000000da980000, 0x0000000100000000)
  eden space 64512K, 0% used [0x00000000d5580000,0x00000000d5580000,0x00000000d9480000)
  from space 10752K, 0% used [0x00000000d9f00000,0x00000000d9f00000,0x00000000da980000)
  to   space 10752K, 0% used [0x00000000d9480000,0x00000000d9480000,0x00000000d9f00000)
 ParOldGen       total 115200K, used 9992K [0x0000000080000000, 0x0000000087080000, 0x00000000d5580000)
  object space 115200K, 8% used [0x0000000080000000,0x00000000809c22a8,0x0000000087080000)
 Metaspace       used 20777K, capacity 21014K, committed 21296K, reserved 1069056K
  class space    used 2310K, capacity 2425K, committed 2432K, reserved 1048576K
}
Event: 2.230 GC heap before
{Heap before GC invocations=6 (full 1):
 PSYoungGen      total 75264K, used 64512K [0x00000000d5580000, 0x00000000da980000, 0x0000000100000000)
  eden space 64512K, 100% used [0x00000000d5580000,0x00000000d9480000,0x00000000d9480000)
  from space 10752K, 0% used [0x00000000d9f00000,0x00000000d9f00000,0x00000000da980000)
  to   space 10752K, 0% used [0x00000000d9480000,0x00000000d9480000,0x00000000d9f00000)
 ParOldGen       total 115200K, used 9992K [0x0000000080000000, 0x0000000087080000, 0x00000000d5580000)
  object space 115200K, 8% used [0x0000000080000000,0x00000000809c22a8,0x0000000087080000)
 Metaspace       used 21835K, capacity 22206K, committed 22448K, reserved 1069056K
  class space    used 2414K, capacity 2542K, committed 2560K, reserved 1048576K
Event: 2.231 GC heap after
Heap after GC invocations=6 (full 1):
 PSYoungGen      total 75264K, used 2433K [0x00000000d5580000, 0x00000000dc180000, 0x0000000100000000)
  eden space 64512K, 0% used [0x00000000d5580000,0x00000000d5580000,0x00000000d9480000)
  from space 10752K, 22% used [0x00000000d9480000,0x00000000d96e05a8,0x00000000d9f00000)
  to   space 11776K, 0% used [0x00000000db600000,0x00000000db600000,0x00000000dc180000)
 ParOldGen       total 115200K, used 10000K [0x0000000080000000, 0x0000000087080000, 0x00000000d5580000)
  object space 115200K, 8% used [0x0000000080000000,0x00000000809c42a8,0x0000000087080000)
 Metaspace       used 21835K, capacity 22206K, committed 22448K, reserved 1069056K
  class space    used 2414K, capacity 2542K, committed 2560K, reserved 1048576K
}
Event: 2.409 GC heap before
{Heap before GC invocations=7 (full 1):
 PSYoungGen      total 75264K, used 66945K [0x00000000d5580000, 0x00000000dc180000, 0x0000000100000000)
  eden space 64512K, 100% used [0x00000000d5580000,0x00000000d9480000,0x00000000d9480000)
  from space 10752K, 22% used [0x00000000d9480000,0x00000000d96e05a8,0x00000000d9f00000)
  to   space 11776K, 0% used [0x00000000db600000,0x00000000db600000,0x00000000dc180000)
 ParOldGen       total 115200K, used 10000K [0x0000000080000000, 0x0000000087080000, 0x00000000d5580000)
  object space 115200K, 8% used [0x0000000080000000,0x00000000809c42a8,0x0000000087080000)
 Metaspace       used 22077K, capacity 22398K, committed 22704K, reserved 1069056K
  class space    used 2420K, capacity 2542K, committed 2560K, reserved 1048576K
Event: 2.410 GC heap after
Heap after GC invocations=7 (full 1):
 PSYoungGen      total 98304K, used 2353K [0x00000000d5580000, 0x00000000dc200000, 0x0000000100000000)
  eden space 86528K, 0% used [0x00000000d5580000,0x00000000d5580000,0x00000000daa00000)
  from space 11776K, 19% used [0x00000000db600000,0x00000000db84c5e0,0x00000000dc180000)
  to   space 12288K, 0% used [0x00000000daa00000,0x00000000daa00000,0x00000000db600000)
 ParOldGen       total 115200K, used 10000K [0x0000000080000000, 0x0000000087080000, 0x00000000d5580000)
  object space 115200K, 8% used [0x0000000080000000,0x00000000809c42a8,0x0000000087080000)
 Metaspace       used 22077K, capacity 22398K, committed 22704K, reserved 1069056K
  class space    used 2420K, capacity 2542K, committed 2560K, reserved 1048576K
}
Event: 2.859 GC heap before
{Heap before GC invocations=8 (full 1):
 PSYoungGen      total 98304K, used 88881K [0x00000000d5580000, 0x00000000dc200000, 0x0000000100000000)
  eden space 86528K, 100% used [0x00000000d5580000,0x00000000daa00000,0x00000000daa00000)
  from space 11776K, 19% used [0x00000000db600000,0x00000000db84c5e0,0x00000000dc180000)
  to   space 12288K, 0% used [0x00000000daa00000,0x00000000daa00000,0x00000000db600000)
 ParOldGen       total 115200K, used 10000K [0x0000000080000000, 0x0000000087080000, 0x00000000d5580000)
  object space 115200K, 8% used [0x0000000080000000,0x00000000809c42a8,0x0000000087080000)
 Metaspace       used 23048K, capacity 23370K, committed 23808K, reserved 1071104K
  class space    used 2573K, capacity 2698K, committed 2816K, reserved 1048576K
Event: 2.864 GC heap after
Heap after GC invocations=8 (full 1):
 PSYoungGen      total 98816K, used 6864K [0x00000000d5580000, 0x00000000ddf00000, 0x0000000100000000)
  eden space 86528K, 0% used [0x00000000d5580000,0x00000000d5580000,0x00000000daa00000)
  from space 12288K, 55% used [0x00000000daa00000,0x00000000db0b4010,0x00000000db600000)
  to   space 11776K, 0% used [0x00000000dd380000,0x00000000dd380000,0x00000000ddf00000)
 ParOldGen       total 115200K, used 10008K [0x0000000080000000, 0x0000000087080000, 0x00000000d5580000)
  object space 115200K, 8% used [0x0000000080000000,0x00000000809c62a8,0x0000000087080000)
 Metaspace       used 23048K, capacity 23370K, committed 23808K, reserved 1071104K
  class space    used 2573K, capacity 2698K, committed 2816K, reserved 1048576K
}

