# JRE version: OpenJDK Runtime Environment (Zulu 8.52.0.23-CA-win64) (8.0_282-b08) (build 1.8.0_282-b08)
# Java VM: OpenJDK 64-Bit Server VM (25.282-b08 mixed mode windows-amd64 compressed oops)
Heap:
 PSYoungGen      total 131584K, used 71661K [0x00000000d5580000, 0x00000000e0680000, 0x0000000100000000)
  eden space 119296K, 55% used [0x00000000d5580000,0x00000000d962b0c8,0x00000000dca00000)
  from space 12288K, 44% used [0x00000000dca00000,0x00000000dcf505d0,0x00000000dd600000)
  to   space 11776K, 0% used [0x00000000dfb00000,0x00000000dfb00000,0x00000000e0680000)
 ParOldGen       total 97792K, used 8515K [0x0000000080000000, 0x0000000085f80000, 0x00000000d5580000)
  object space 97792K, 8% used [0x0000000080000000,0x0000000080850d18,0x0000000085f80000)
 Metaspace       used 24067K, capacity 24396K, committed 24704K, reserved 1071104K
  class space    used 2733K, capacity 2866K, committed 2944K, reserved 1048576K
GC Heap History (10 events):
Event: 1.809 GC heap before
{Heap before GC invocations=4 (full 0):
 PSYoungGen      total 75264K, used 73397K [0x00000000d5580000, 0x00000000da980000, 0x0000000100000000)
  eden space 64512K, 100% used [0x00000000d5580000,0x00000000d9480000,0x00000000d9480000)
  from space 10752K, 82% used [0x00000000d9480000,0x00000000d9d2d480,0x00000000d9f00000)
  to   space 10752K, 0% used [0x00000000d9f00000,0x00000000d9f00000,0x00000000da980000)
 ParOldGen       total 172032K, used 40K [0x0000000080000000, 0x000000008a800000, 0x00000000d5580000)
  object space 172032K, 0% used [0x0000000080000000,0x000000008000a000,0x000000008a800000)
 Metaspace       used 19952K, capacity 20164K, committed 20608K, reserved 1067008K
  class space    used 2211K, capacity 2316K, committed 2432K, reserved 1048576K
Event: 1.814 GC heap after
Heap after GC invocations=4 (full 0):
 PSYoungGen      total 75264K, used 10120K [0x00000000d5580000, 0x00000000da980000, 0x0000000100000000)
  eden space 64512K, 0% used [0x00000000d5580000,0x00000000d5580000,0x00000000d9480000)
  from space 10752K, 94% used [0x00000000d9f00000,0x00000000da8e2308,0x00000000da980000)
  to   space 10752K, 0% used [0x00000000d9480000,0x00000000d9480000,0x00000000d9f00000)
 ParOldGen       total 172032K, used 112K [0x0000000080000000, 0x000000008a800000, 0x00000000d5580000)
  object space 172032K, 0% used [0x0000000080000000,0x000000008001c010,0x000000008a800000)
 Metaspace       used 19952K, capacity 20164K, committed 20608K, reserved 1067008K
  class space    used 2211K, capacity 2316K, committed 2432K, reserved 1048576K
}
Event: 1.892 GC heap before
{Heap before GC invocations=5 (full 0):
 PSYoungGen      total 75264K, used 21773K [0x00000000d5580000, 0x00000000da980000, 0x0000000100000000)
  eden space 64512K, 18% used [0x00000000d5580000,0x00000000d60e13c8,0x00000000d9480000)
  from space 10752K, 94% used [0x00000000d9f00000,0x00000000da8e2308,0x00000000da980000)
  to   space 10752K, 0% used [0x00000000d9480000,0x00000000d9480000,0x00000000d9f00000)
 ParOldGen       total 172032K, used 112K [0x0000000080000000, 0x000000008a800000, 0x00000000d5580000)
  object space 172032K, 0% used [0x0000000080000000,0x000000008001c010,0x000000008a800000)
 Metaspace       used 20820K, capacity 21136K, committed 21296K, reserved 1069056K
  class space    used 2313K, capacity 2425K, committed 2432K, reserved 1048576K
Event: 1.896 GC heap after
Heap after GC invocations=5 (full 0):
 PSYoungGen      total 75264K, used 8648K [0x00000000d5580000, 0x00000000dea80000, 0x0000000100000000)
  eden space 64512K, 0% used [0x00000000d5580000,0x00000000d5580000,0x00000000d9480000)
  from space 10752K, 80% used [0x00000000d9480000,0x00000000d9cf2220,0x00000000d9f00000)
  to   space 11776K, 0% used [0x00000000ddf00000,0x00000000ddf00000,0x00000000dea80000)
 ParOldGen       total 172032K, used 120K [0x0000000080000000, 0x000000008a800000, 0x00000000d5580000)
  object space 172032K, 0% used [0x0000000080000000,0x000000008001e010,0x000000008a800000)
 Metaspace       used 20820K, capacity 21136K, committed 21296K, reserved 1069056K
  class space    used 2313K, capacity 2425K, committed 2432K, reserved 1048576K
}
Event: 1.896 GC heap before
{Heap before GC invocations=6 (full 1):
 PSYoungGen      total 75264K, used 8648K [0x00000000d5580000, 0x00000000dea80000, 0x0000000100000000)
  eden space 64512K, 0% used [0x00000000d5580000,0x00000000d5580000,0x00000000d9480000)
  from space 10752K, 80% used [0x00000000d9480000,0x00000000d9cf2220,0x00000000d9f00000)
  to   space 11776K, 0% used [0x00000000ddf00000,0x00000000ddf00000,0x00000000dea80000)
 ParOldGen       total 172032K, used 120K [0x0000000080000000, 0x000000008a800000, 0x00000000d5580000)
  object space 172032K, 0% used [0x0000000080000000,0x000000008001e010,0x000000008a800000)
 Metaspace       used 20820K, capacity 21136K, committed 21296K, reserved 1069056K
  class space    used 2313K, capacity 2425K, committed 2432K, reserved 1048576K
Event: 1.917 GC heap after
Heap after GC invocations=6 (full 1):
 PSYoungGen      total 75264K, used 0K [0x00000000d5580000, 0x00000000dea80000, 0x0000000100000000)
  eden space 64512K, 0% used [0x00000000d5580000,0x00000000d5580000,0x00000000d9480000)
  from space 10752K, 0% used [0x00000000d9480000,0x00000000d9480000,0x00000000d9f00000)
  to   space 11776K, 0% used [0x00000000ddf00000,0x00000000ddf00000,0x00000000dea80000)
 ParOldGen       total 97792K, used 8499K [0x0000000080000000, 0x0000000085f80000, 0x00000000d5580000)
  object space 97792K, 8% used [0x0000000080000000,0x000000008084cd18,0x0000000085f80000)
 Metaspace       used 20820K, capacity 21136K, committed 21296K, reserved 1069056K
  class space    used 2313K, capacity 2425K, committed 2432K, reserved 1048576K
}
Event: 2.255 GC heap before
{Heap before GC invocations=7 (full 1):
 PSYoungGen      total 75264K, used 64512K [0x00000000d5580000, 0x00000000dea80000, 0x0000000100000000)
  eden space 64512K, 100% used [0x00000000d5580000,0x00000000d9480000,0x00000000d9480000)
  from space 10752K, 0% used [0x00000000d9480000,0x00000000d9480000,0x00000000d9f00000)
  to   space 11776K, 0% used [0x00000000ddf00000,0x00000000ddf00000,0x00000000dea80000)
 ParOldGen       total 97792K, used 8499K [0x0000000080000000, 0x0000000085f80000, 0x00000000d5580000)
  object space 97792K, 8% used [0x0000000080000000,0x000000008084cd18,0x0000000085f80000)
 Metaspace       used 22095K, capacity 22464K, committed 22832K, reserved 1069056K
  class space    used 2447K, capacity 2582K, committed 2688K, reserved 1048576K
Event: 2.257 GC heap after
Heap after GC invocations=7 (full 1):
 PSYoungGen      total 104960K, used 3063K [0x00000000d5580000, 0x00000000de200000, 0x0000000100000000)
  eden space 101888K, 0% used [0x00000000d5580000,0x00000000d5580000,0x00000000db900000)
  from space 3072K, 99% used [0x00000000ddf00000,0x00000000de1fde78,0x00000000de200000)
  to   space 12288K, 0% used [0x00000000dca00000,0x00000000dca00000,0x00000000dd600000)
 ParOldGen       total 97792K, used 8507K [0x0000000080000000, 0x0000000085f80000, 0x00000000d5580000)
  object space 97792K, 8% used [0x0000000080000000,0x000000008084ed18,0x0000000085f80000)
 Metaspace       used 22095K, capacity 22464K, committed 22832K, reserved 1069056K
  class space    used 2447K, capacity 2582K, committed 2688K, reserved 1048576K
}
Event: 2.591 GC heap before
{Heap before GC invocations=8 (full 1):
 PSYoungGen      total 104960K, used 104951K [0x00000000d5580000, 0x00000000de200000, 0x0000000100000000)
  eden space 101888K, 100% used [0x00000000d5580000,0x00000000db900000,0x00000000db900000)
  from space 3072K, 99% used [0x00000000ddf00000,0x00000000de1fde78,0x00000000de200000)
  to   space 12288K, 0% used [0x00000000dca00000,0x00000000dca00000,0x00000000dd600000)
 ParOldGen       total 97792K, used 8507K [0x0000000080000000, 0x0000000085f80000, 0x00000000d5580000)
  object space 97792K, 8% used [0x0000000080000000,0x000000008084ed18,0x0000000085f80000)
 Metaspace       used 22518K, capacity 22868K, committed 23088K, reserved 1069056K
  class space    used 2476K, capacity 2590K, committed 2688K, reserved 1048576K
Event: 2.594 GC heap after
Heap after GC invocations=8 (full 1):
 PSYoungGen      total 131584K, used 5441K [0x00000000d5580000, 0x00000000e0680000, 0x0000000100000000)
  eden space 119296K, 0% used [0x00000000d5580000,0x00000000d5580000,0x00000000dca00000)
  from space 12288K, 44% used [0x00000000dca00000,0x00000000dcf505d0,0x00000000dd600000)
  to   space 11776K, 0% used [0x00000000dfb00000,0x00000000dfb00000,0x00000000e0680000)
 ParOldGen       total 97792K, used 8515K [0x0000000080000000, 0x0000000085f80000, 0x00000000d5580000)
  object space 97792K, 8% used [0x0000000080000000,0x0000000080850d18,0x0000000085f80000)
 Metaspace       used 22518K, capacity 22868K, committed 23088K, reserved 1069056K
  class space    used 2476K, capacity 2590K, committed 2688K, reserved 1048576K
}

