# JRE version: OpenJDK Runtime Environment (Zulu 8.52.0.23-CA-win64) (8.0_282-b08) (build 1.8.0_282-b08)
# Java VM: OpenJDK 64-Bit Server VM (25.282-b08 mixed mode windows-amd64 compressed oops)
Heap:
 PSYoungGen      total 110080K, used 22966K [0x00000000d5580000, 0x00000000dcf00000, 0x0000000100000000)
  eden space 97792K, 17% used [0x00000000d5580000,0x00000000d66a1968,0x00000000db500000)
  from space 12288K, 44% used [0x00000000dc100000,0x00000000dc64c010,0x00000000dcd00000)
  to   space 12288K, 0% used [0x00000000db500000,0x00000000db500000,0x00000000dc100000)
 ParOldGen       total 96768K, used 8510K [0x0000000080000000, 0x0000000085e80000, 0x00000000d5580000)
  object space 96768K, 8% used [0x0000000080000000,0x000000008084fba8,0x0000000085e80000)
 Metaspace       used 22909K, capacity 23308K, committed 23424K, reserved 1071104K
  class space    used 2531K, capacity 2674K, committed 2688K, reserved 1048576K
GC Heap History (10 events):
Event: 1.912 GC heap before
{Heap before GC invocations=5 (full 0):
 PSYoungGen      total 75264K, used 21852K [0x00000000d5580000, 0x00000000da980000, 0x0000000100000000)
  eden space 64512K, 18% used [0x00000000d5580000,0x00000000d60e0290,0x00000000d9480000)
  from space 10752K, 94% used [0x00000000d9f00000,0x00000000da8f6f98,0x00000000da980000)
  to   space 10752K, 0% used [0x00000000d9480000,0x00000000d9480000,0x00000000d9f00000)
 ParOldGen       total 172032K, used 112K [0x0000000080000000, 0x000000008a800000, 0x00000000d5580000)
  object space 172032K, 0% used [0x0000000080000000,0x000000008001c010,0x000000008a800000)
 Metaspace       used 20813K, capacity 21136K, committed 21296K, reserved 1069056K
  class space    used 2313K, capacity 2425K, committed 2432K, reserved 1048576K
Event: 1.916 GC heap after
Heap after GC invocations=5 (full 0):
 PSYoungGen      total 75264K, used 8596K [0x00000000d5580000, 0x00000000da980000, 0x0000000100000000)
  eden space 64512K, 0% used [0x00000000d5580000,0x00000000d5580000,0x00000000d9480000)
  from space 10752K, 79% used [0x00000000d9480000,0x00000000d9ce5230,0x00000000d9f00000)
  to   space 10752K, 0% used [0x00000000d9f00000,0x00000000d9f00000,0x00000000da980000)
 ParOldGen       total 172032K, used 120K [0x0000000080000000, 0x000000008a800000, 0x00000000d5580000)
  object space 172032K, 0% used [0x0000000080000000,0x000000008001e010,0x000000008a800000)
 Metaspace       used 20813K, capacity 21136K, committed 21296K, reserved 1069056K
  class space    used 2313K, capacity 2425K, committed 2432K, reserved 1048576K
}
Event: 1.916 GC heap before
{Heap before GC invocations=6 (full 1):
 PSYoungGen      total 75264K, used 8596K [0x00000000d5580000, 0x00000000da980000, 0x0000000100000000)
  eden space 64512K, 0% used [0x00000000d5580000,0x00000000d5580000,0x00000000d9480000)
  from space 10752K, 79% used [0x00000000d9480000,0x00000000d9ce5230,0x00000000d9f00000)
  to   space 10752K, 0% used [0x00000000d9f00000,0x00000000d9f00000,0x00000000da980000)
 ParOldGen       total 172032K, used 120K [0x0000000080000000, 0x000000008a800000, 0x00000000d5580000)
  object space 172032K, 0% used [0x0000000080000000,0x000000008001e010,0x000000008a800000)
 Metaspace       used 20813K, capacity 21136K, committed 21296K, reserved 1069056K
  class space    used 2313K, capacity 2425K, committed 2432K, reserved 1048576K
Event: 1.938 GC heap after
Heap after GC invocations=6 (full 1):
 PSYoungGen      total 75264K, used 0K [0x00000000d5580000, 0x00000000da980000, 0x0000000100000000)
  eden space 64512K, 0% used [0x00000000d5580000,0x00000000d5580000,0x00000000d9480000)
  from space 10752K, 0% used [0x00000000d9480000,0x00000000d9480000,0x00000000d9f00000)
  to   space 10752K, 0% used [0x00000000d9f00000,0x00000000d9f00000,0x00000000da980000)
 ParOldGen       total 96768K, used 8502K [0x0000000080000000, 0x0000000085e80000, 0x00000000d5580000)
  object space 96768K, 8% used [0x0000000080000000,0x000000008084dba8,0x0000000085e80000)
 Metaspace       used 20813K, capacity 21136K, committed 21296K, reserved 1069056K
  class space    used 2313K, capacity 2425K, committed 2432K, reserved 1048576K
}
Event: 2.260 GC heap before
{Heap before GC invocations=7 (full 1):
 PSYoungGen      total 75264K, used 64512K [0x00000000d5580000, 0x00000000da980000, 0x0000000100000000)
  eden space 64512K, 100% used [0x00000000d5580000,0x00000000d9480000,0x00000000d9480000)
  from space 10752K, 0% used [0x00000000d9480000,0x00000000d9480000,0x00000000d9f00000)
  to   space 10752K, 0% used [0x00000000d9f00000,0x00000000d9f00000,0x00000000da980000)
 ParOldGen       total 96768K, used 8502K [0x0000000080000000, 0x0000000085e80000, 0x00000000d5580000)
  object space 96768K, 8% used [0x0000000080000000,0x000000008084dba8,0x0000000085e80000)
 Metaspace       used 22107K, capacity 22528K, committed 22832K, reserved 1069056K
  class space    used 2448K, capacity 2582K, committed 2688K, reserved 1048576K
Event: 2.261 GC heap after
Heap after GC invocations=7 (full 1):
 PSYoungGen      total 73728K, used 3028K [0x00000000d5580000, 0x00000000dd200000, 0x0000000100000000)
  eden space 62976K, 0% used [0x00000000d5580000,0x00000000d5580000,0x00000000d9300000)
  from space 10752K, 28% used [0x00000000d9f00000,0x00000000da1f5178,0x00000000da980000)
  to   space 12288K, 0% used [0x00000000d9300000,0x00000000d9300000,0x00000000d9f00000)
 ParOldGen       total 96768K, used 8510K [0x0000000080000000, 0x0000000085e80000, 0x00000000d5580000)
  object space 96768K, 8% used [0x0000000080000000,0x000000008084fba8,0x0000000085e80000)
 Metaspace       used 22107K, capacity 22528K, committed 22832K, reserved 1069056K
  class space    used 2448K, capacity 2582K, committed 2688K, reserved 1048576K
}
Event: 2.456 GC heap before
{Heap before GC invocations=8 (full 1):
 PSYoungGen      total 73728K, used 66004K [0x00000000d5580000, 0x00000000dd200000, 0x0000000100000000)
  eden space 62976K, 100% used [0x00000000d5580000,0x00000000d9300000,0x00000000d9300000)
  from space 10752K, 28% used [0x00000000d9f00000,0x00000000da1f5178,0x00000000da980000)
  to   space 12288K, 0% used [0x00000000d9300000,0x00000000d9300000,0x00000000d9f00000)
 ParOldGen       total 96768K, used 8510K [0x0000000080000000, 0x0000000085e80000, 0x00000000d5580000)
  object space 96768K, 8% used [0x0000000080000000,0x000000008084fba8,0x0000000085e80000)
 Metaspace       used 22358K, capacity 22720K, committed 23088K, reserved 1069056K
  class space    used 2454K, capacity 2582K, committed 2688K, reserved 1048576K
Event: 2.457 GC heap after
Heap after GC invocations=8 (full 1):
 PSYoungGen      total 75264K, used 2641K [0x00000000d5580000, 0x00000000dcd00000, 0x0000000100000000)
  eden space 62976K, 0% used [0x00000000d5580000,0x00000000d5580000,0x00000000d9300000)
  from space 12288K, 21% used [0x00000000d9300000,0x00000000d95945e0,0x00000000d9f00000)
  to   space 12288K, 0% used [0x00000000dc100000,0x00000000dc100000,0x00000000dcd00000)
 ParOldGen       total 96768K, used 8510K [0x0000000080000000, 0x0000000085e80000, 0x00000000d5580000)
  object space 96768K, 8% used [0x0000000080000000,0x000000008084fba8,0x0000000085e80000)
 Metaspace       used 22358K, capacity 22720K, committed 23088K, reserved 1069056K
  class space    used 2454K, capacity 2582K, committed 2688K, reserved 1048576K
}
Event: 2.709 GC heap before
{Heap before GC invocations=9 (full 1):
 PSYoungGen      total 75264K, used 65617K [0x00000000d5580000, 0x00000000dcd00000, 0x0000000100000000)
  eden space 62976K, 100% used [0x00000000d5580000,0x00000000d9300000,0x00000000d9300000)
  from space 12288K, 21% used [0x00000000d9300000,0x00000000d95945e0,0x00000000d9f00000)
  to   space 12288K, 0% used [0x00000000dc100000,0x00000000dc100000,0x00000000dcd00000)
 ParOldGen       total 96768K, used 8510K [0x0000000080000000, 0x0000000085e80000, 0x00000000d5580000)
  object space 96768K, 8% used [0x0000000080000000,0x000000008084fba8,0x0000000085e80000)
 Metaspace       used 22611K, capacity 22962K, committed 23088K, reserved 1069056K
  class space    used 2482K, capacity 2600K, committed 2688K, reserved 1048576K
Event: 2.714 GC heap after
Heap after GC invocations=9 (full 1):
 PSYoungGen      total 110080K, used 5424K [0x00000000d5580000, 0x00000000dcf00000, 0x0000000100000000)
  eden space 97792K, 0% used [0x00000000d5580000,0x00000000d5580000,0x00000000db500000)
  from space 12288K, 44% used [0x00000000dc100000,0x00000000dc64c010,0x00000000dcd00000)
  to   space 12288K, 0% used [0x00000000db500000,0x00000000db500000,0x00000000dc100000)
 ParOldGen       total 96768K, used 8510K [0x0000000080000000, 0x0000000085e80000, 0x00000000d5580000)
  object space 96768K, 8% used [0x0000000080000000,0x000000008084fba8,0x0000000085e80000)
 Metaspace       used 22611K, capacity 22962K, committed 23088K, reserved 1069056K
  class space    used 2482K, capacity 2600K, committed 2688K, reserved 1048576K
}

